<?xml version="1.0" encoding="UTF-8"?>
<!-- Generated by org.testng.reporters.JUnitReportReporter -->
<testsuite skipped="0" hostname="dell" name="Assignment.QAAssignment.QAAssignment" tests="6" failures="0" timestamp="15 Jul 2020 12:34:03 GMT" time="109.536" errors="0">
  <testcase name="verifyModelOptionsListTest" time="18.885" classname="Assignment.QAAssignment.QAAssignment"/>
  <testcase name="verifySearchByKeyword" time="6.092" classname="Assignment.QAAssignment.QAAssignment"/>
  <testcase name="verifyPageLayout" time="4.946" classname="Assignment.QAAssignment.QAAssignment"/>
  <testcase name="verifyBrandModelOptionsListTest" time="57.553" classname="Assignment.QAAssignment.QAAssignment"/>
  <testcase name="verifySearchByBrandAndModelTest" time="12.041" classname="Assignment.QAAssignment.QAAssignment"/>
  <testcase name="verifySearchByBrandModelKeywordTest" time="10.019" classname="Assignment.QAAssignment.QAAssignment"/>
</testsuite> <!-- Assignment.QAAssignment.QAAssignment -->
