<?xml version="1.0" encoding="UTF-8"?>
<!-- Generated by org.testng.reporters.JUnitReportReporter -->
<testsuite skipped="0" hostname="dell" name="assignment.qa.AppTest" tests="6" failures="0" timestamp="17 Jul 2020 19:08:35 GMT" time="95.664" errors="0">
  <testcase name="verifySearchByBrandAndModelTest" time="10.004" classname="assignment.qa.AppTest"/>
  <testcase name="verifySearchByBrandModelKeywordTest" time="10.066" classname="assignment.qa.AppTest"/>
  <testcase name="verifySearchByKeyword" time="8.400" classname="assignment.qa.AppTest"/>
  <testcase name="verifyPageLayout" time="4.859" classname="assignment.qa.AppTest"/>
  <testcase name="verifyModelOptionsListTest" time="7.268" classname="assignment.qa.AppTest"/>
  <testcase name="verifyBrandModelOptionsListTest" time="55.067" classname="assignment.qa.AppTest"/>
</testsuite> <!-- assignment.qa.AppTest -->
