<?xml version="1.0" encoding="UTF-8"?>
<!-- Generated by org.testng.reporters.JUnitReportReporter -->
<testsuite skipped="0" hostname="dell" name="assignment.qa.AppTest" tests="6" failures="0" timestamp="16 Jul 2020 20:41:05 GMT" time="100.382" errors="0">
  <testcase name="verifySearchByBrandModelKeywordTest" time="11.240" classname="assignment.qa.AppTest"/>
  <testcase name="verifyPageLayout" time="5.048" classname="assignment.qa.AppTest"/>
  <testcase name="verifyModelOptionsListTest" time="7.649" classname="assignment.qa.AppTest"/>
  <testcase name="verifySearchByKeyword" time="6.592" classname="assignment.qa.AppTest"/>
  <testcase name="verifyBrandModelOptionsListTest" time="52.702" classname="assignment.qa.AppTest"/>
  <testcase name="verifySearchByBrandAndModelTest" time="17.151" classname="assignment.qa.AppTest"/>
</testsuite> <!-- assignment.qa.AppTest -->
