<?xml version="1.0" encoding="UTF-8"?>
<!-- Generated by org.testng.reporters.JUnitReportReporter -->
<testsuite skipped="0" hostname="dell" name="assignment.qa.AppTest" tests="6" failures="0" timestamp="16 Jul 2020 15:54:09 GMT" time="96.285" errors="0">
  <testcase name="verifyPageLayout" time="5.541" classname="assignment.qa.AppTest"/>
  <testcase name="verifySearchByBrandModelKeywordTest" time="10.305" classname="assignment.qa.AppTest"/>
  <testcase name="verifySearchByKeyword" time="6.576" classname="assignment.qa.AppTest"/>
  <testcase name="verifySearchByBrandAndModelTest" time="9.763" classname="assignment.qa.AppTest"/>
  <testcase name="verifyBrandModelOptionsListTest" time="54.228" classname="assignment.qa.AppTest"/>
  <testcase name="verifyModelOptionsListTest" time="9.872" classname="assignment.qa.AppTest"/>
</testsuite> <!-- assignment.qa.AppTest -->
